#
# There is insufficient memory for the Java Runtime Environment to continue.
# Native memory allocation (malloc) failed to allocate 375856 bytes for Chunk::new
# Possible reasons:
#   The system is out of physical RAM or swap space
#   The process is running with CompressedOops enabled, and the Java Heap may be blocking the growth of the native heap
# Possible solutions:
#   Reduce memory load on the system
#   Increase physical memory or swap space
#   Check if swap backing store is full
#   Decrease Java heap size (-Xmx/-Xms)
#   Decrease number of Java threads
#   Decrease Java thread stack sizes (-Xss)
#   Set larger code cache with -XX:ReservedCodeCacheSize=
#   JVM is running with Unscaled Compressed Oops mode in which the Java heap is
#     placed in the first 4GB address space. The Java Heap base address is the
#     maximum limit for the native heap growth. Please use -XX:HeapBaseMinAddress
#     to set the Java Heap base and to place the Java Heap above 4GB virtual address.
# This output file may be truncated or incomplete.
#
#  Out of Memory Error (./open/src/hotspot/share/memory/arena.cpp:197), pid=14168, tid=21612
#
# JRE version: Java(TM) SE Runtime Environment 18.9 (11.0.12+8) (build 11.0.12+8-LTS-237)
# Java VM: Java HotSpot(TM) 64-Bit Server VM 18.9 (11.0.12+8-LTS-237, mixed mode, tiered, compressed oops, g1 gc, windows-amd64)
# No core dump will be written. Minidumps are not enabled by default on client versions of Windows
#

---------------  S U M M A R Y ------------

Command Line: -javaagent:C:\ideaIC-2022.3.1.win\lib\idea_rt.jar=62800:C:\ideaIC-2022.3.1.win\bin -Dfile.encoding=UTF-8 br.com.tokunaga.Application

Host: 11th Gen Intel(R) Core(TM) i5-1135G7 @ 2.40GHz, 8 cores, 7G,  Windows 10 , 64 bit Build 22621 (10.0.22621.1105)
Time: Sun Jan 29 22:19:51 2023 Hora Padrão de Buenos Aires elapsed time: 685.980561 seconds (0d 0h 11m 25s)

---------------  T H R E A D  ---------------

Current thread (0x000001f4d5df7000):  JavaThread "C2 CompilerThread0" daemon [_thread_in_native, id=21612, stack(0x0000005d45100000,0x0000005d45200000)]


Current CompileTask:
C2: 685980 5016       4       org.apache.kafka.clients.consumer.internals.ConsumerNetworkClient::failExpiredRequests (93 bytes)

Stack: [0x0000005d45100000,0x0000005d45200000]
Native frames: (J=compiled Java code, j=interpreted, Vv=VM code, C=native code)
V  [jvm.dll+0x617d9a]
V  [jvm.dll+0x74eeef]
V  [jvm.dll+0x750599]
V  [jvm.dll+0x750c23]
V  [jvm.dll+0x2438d8]
V  [jvm.dll+0xba6dc]
V  [jvm.dll+0xbac9c]
V  [jvm.dll+0x2b4564]
V  [jvm.dll+0x52cc86]
V  [jvm.dll+0x1fea87]
V  [jvm.dll+0x1fc1ca]
V  [jvm.dll+0x17f18c]
V  [jvm.dll+0x20b87c]
V  [jvm.dll+0x20997b]
V  [jvm.dll+0x716359]
V  [jvm.dll+0x70f064]
V  [jvm.dll+0x616f66]
C  [ucrtbase.dll+0x29363]
C  [KERNEL32.DLL+0x126bd]
C  [ntdll.dll+0x5dfb8]


---------------  P R O C E S S  ---------------

Threads class SMR info:
_java_thread_list=0x000001f4db178b80, length=30, elements={
0x000001f4d5dd6800, 0x000001f4d5de1800, 0x000001f4d6762800, 0x000001f4d6763800,
0x000001f4d5df2800, 0x000001f4d5df7000, 0x000001f4d676c000, 0x000001f4d5dfc000,
0x000001f4d68c8800, 0x000001f4d6b90800, 0x000001f4da573800, 0x000001f4db17a800,
0x000001f4d781f000, 0x000001f4db41e800, 0x000001f4dad9c800, 0x000001f4db449000,
0x000001f4db44a000, 0x000001f4d83f5000, 0x000001f4d8658800, 0x000001f4d7bb2800,
0x000001f4d7bb6800, 0x000001f4d7bb4800, 0x000001f4d7bb5800, 0x000001f4d7bb9000,
0x000001f4d7bb8000, 0x000001f4d7bb3000, 0x000001f4d7bb4000, 0x000001f4d7bb7000,
0x000001f4d6f93800, 0x000001f4d6f95800
}

Java Threads: ( => current thread )
  0x000001f4d5dd6800 JavaThread "Reference Handler" daemon [_thread_blocked, id=19432, stack(0x0000005d44c00000,0x0000005d44d00000)]
  0x000001f4d5de1800 JavaThread "Finalizer" daemon [_thread_blocked, id=12604, stack(0x0000005d44d00000,0x0000005d44e00000)]
  0x000001f4d6762800 JavaThread "Signal Dispatcher" daemon [_thread_blocked, id=3228, stack(0x0000005d44e00000,0x0000005d44f00000)]
  0x000001f4d6763800 JavaThread "Attach Listener" daemon [_thread_blocked, id=21984, stack(0x0000005d44f00000,0x0000005d45000000)]
  0x000001f4d5df2800 JavaThread "Service Thread" daemon [_thread_blocked, id=15320, stack(0x0000005d45000000,0x0000005d45100000)]
=>0x000001f4d5df7000 JavaThread "C2 CompilerThread0" daemon [_thread_in_native, id=21612, stack(0x0000005d45100000,0x0000005d45200000)]
  0x000001f4d676c000 JavaThread "C1 CompilerThread0" daemon [_thread_blocked, id=18492, stack(0x0000005d45200000,0x0000005d45300000)]
  0x000001f4d5dfc000 JavaThread "Sweeper thread" daemon [_thread_blocked, id=7216, stack(0x0000005d45300000,0x0000005d45400000)]
  0x000001f4d68c8800 JavaThread "Common-Cleaner" daemon [_thread_blocked, id=3216, stack(0x0000005d45400000,0x0000005d45500000)]
  0x000001f4d6b90800 JavaThread "Monitor Ctrl-Break" daemon [_thread_in_native, id=8952, stack(0x0000005d45600000,0x0000005d45700000)]
  0x000001f4da573800 JavaThread "Catalina-utility-1" [_thread_blocked, id=18300, stack(0x0000005d45c00000,0x0000005d45d00000)]
  0x000001f4db17a800 JavaThread "Catalina-utility-2" [_thread_blocked, id=6576, stack(0x0000005d45d00000,0x0000005d45e00000)]
  0x000001f4d781f000 JavaThread "container-0" [_thread_blocked, id=8408, stack(0x0000005d45e00000,0x0000005d45f00000)]
  0x000001f4db41e800 JavaThread "ThreadPoolTaskScheduler-1" [_thread_blocked, id=2228, stack(0x0000005d46300000,0x0000005d46400000)]
  0x000001f4dad9c800 JavaThread "org.springframework.kafka.KafkaListenerEndpointContainer#0-0-C-1" [_thread_in_native, id=5168, stack(0x0000005d46400000,0x0000005d46500000)]
  0x000001f4db449000 JavaThread "http-nio-8080-exec-1" daemon [_thread_blocked, id=23312, stack(0x0000005d46500000,0x0000005d46600000)]
  0x000001f4db44a000 JavaThread "http-nio-8080-exec-2" daemon [_thread_blocked, id=17416, stack(0x0000005d46600000,0x0000005d46700000)]
  0x000001f4d83f5000 JavaThread "http-nio-8080-exec-3" daemon [_thread_blocked, id=22216, stack(0x0000005d46700000,0x0000005d46800000)]
  0x000001f4d8658800 JavaThread "http-nio-8080-exec-4" daemon [_thread_blocked, id=14148, stack(0x0000005d46800000,0x0000005d46900000)]
  0x000001f4d7bb2800 JavaThread "http-nio-8080-exec-5" daemon [_thread_blocked, id=5556, stack(0x0000005d46900000,0x0000005d46a00000)]
  0x000001f4d7bb6800 JavaThread "http-nio-8080-exec-6" daemon [_thread_blocked, id=19084, stack(0x0000005d46a00000,0x0000005d46b00000)]
  0x000001f4d7bb4800 JavaThread "http-nio-8080-exec-7" daemon [_thread_blocked, id=10072, stack(0x0000005d46b00000,0x0000005d46c00000)]
  0x000001f4d7bb5800 JavaThread "http-nio-8080-exec-8" daemon [_thread_blocked, id=10560, stack(0x0000005d46c00000,0x0000005d46d00000)]
  0x000001f4d7bb9000 JavaThread "http-nio-8080-exec-9" daemon [_thread_blocked, id=17752, stack(0x0000005d46d00000,0x0000005d46e00000)]
  0x000001f4d7bb8000 JavaThread "http-nio-8080-exec-10" daemon [_thread_blocked, id=12792, stack(0x0000005d46e00000,0x0000005d46f00000)]
  0x000001f4d7bb3000 JavaThread "http-nio-8080-Poller" daemon [_thread_in_native, id=22068, stack(0x0000005d46f00000,0x0000005d47000000)]
  0x000001f4d7bb4000 JavaThread "http-nio-8080-Acceptor" daemon [_thread_in_native, id=21944, stack(0x0000005d47000000,0x0000005d47100000)]
  0x000001f4d7bb7000 JavaThread "DestroyJavaVM" [_thread_blocked, id=11576, stack(0x0000005d44500000,0x0000005d44600000)]
  0x000001f4d6f93800 JavaThread "kafka-coordinator-heartbeat-thread | test" daemon [_thread_blocked, id=10728, stack(0x0000005d47200000,0x0000005d47300000)]
  0x000001f4d6f95800 JavaThread "kafka-producer-network-thread | producer-1" daemon [_thread_in_native, id=22800, stack(0x0000005d45800000,0x0000005d45900000)]

Other Threads:
  0x000001f4d5dd2000 VMThread "VM Thread" [stack: 0x0000005d44b00000,0x0000005d44c00000] [id=2204]
  0x000001f4d6a2a000 WatcherThread [stack: 0x0000005d45700000,0x0000005d45800000] [id=15436]
  0x000001f4b7233000 GCTaskThread "GC Thread#0" [stack: 0x0000005d44600000,0x0000005d44700000] [id=23448]
  0x000001f4d76f1000 GCTaskThread "GC Thread#1" [stack: 0x0000005d45500000,0x0000005d45600000] [id=16048]
  0x000001f4d77e7800 GCTaskThread "GC Thread#2" [stack: 0x0000005d45900000,0x0000005d45a00000] [id=12504]
  0x000001f4d7803800 GCTaskThread "GC Thread#3" [stack: 0x0000005d45a00000,0x0000005d45b00000] [id=11888]
  0x000001f4d8111000 GCTaskThread "GC Thread#4" [stack: 0x0000005d45f00000,0x0000005d46000000] [id=3520]
  0x000001f4db4ae000 GCTaskThread "GC Thread#5" [stack: 0x0000005d46000000,0x0000005d46100000] [id=7036]
  0x000001f4db4ae800 GCTaskThread "GC Thread#6" [stack: 0x0000005d46100000,0x0000005d46200000] [id=22532]
  0x000001f4d826a800 GCTaskThread "GC Thread#7" [stack: 0x0000005d46200000,0x0000005d46300000] [id=16180]
  0x000001f4b7262000 ConcurrentGCThread "G1 Main Marker" [stack: 0x0000005d44700000,0x0000005d44800000] [id=7484]
  0x000001f4b7265000 ConcurrentGCThread "G1 Conc#0" [stack: 0x0000005d44800000,0x0000005d44900000] [id=18780]
  0x000001f4d79fd000 ConcurrentGCThread "G1 Conc#1" [stack: 0x0000005d45b00000,0x0000005d45c00000] [id=23436]
  0x000001f4d5c06800 ConcurrentGCThread "G1 Refine#0" [stack: 0x0000005d44900000,0x0000005d44a00000] [id=9400]
  0x000001f4b72ee800 ConcurrentGCThread "G1 Young RemSet Sampling" [stack: 0x0000005d44a00000,0x0000005d44b00000] [id=10156]

Threads with active compile tasks:
C2 CompilerThread0 686025 5016       4       org.apache.kafka.clients.consumer.internals.ConsumerNetworkClient::failExpiredRequests (93 bytes)

VM state:not at safepoint (normal execution)

VM Mutex/Monitor currently owned by a thread: None

Heap address: 0x0000000084400000, size: 1980 MB, Compressed Oops mode: 32-bit
Narrow klass base: 0x0000000000000000, Narrow klass shift: 3
Compressed class space size: 1073741824 Address: 0x0000000100000000

Heap:
 garbage-first heap   total 152576K, used 44396K [0x0000000084400000, 0x0000000100000000)
  region size 1024K, 39 young (39936K), 11 survivors (11264K)
 Metaspace       used 50812K, capacity 52591K, committed 52864K, reserved 1095680K
  class space    used 5769K, capacity 6460K, committed 6528K, reserved 1048576K
Heap Regions: E=young(eden), S=young(survivor), O=old, HS=humongous(starts), HC=humongous(continues), CS=collection set, F=free, A=archive, TAMS=top-at-mark-start (previous, next)
|   0|0x0000000084400000, 0x0000000084500000, 0x0000000084500000|100%| O|  |TAMS 0x0000000084500000, 0x0000000084400000| Untracked 
|   1|0x0000000084500000, 0x0000000084600000, 0x0000000084600000|100%| O|  |TAMS 0x0000000084600000, 0x0000000084500000| Untracked 
|   2|0x0000000084600000, 0x0000000084700000, 0x0000000084700000|100%| O|  |TAMS 0x0000000084700000, 0x0000000084600000| Untracked 
|   3|0x0000000084700000, 0x0000000084800000, 0x0000000084800000|100%| O|  |TAMS 0x0000000084800000, 0x0000000084700000| Untracked 
|   4|0x0000000084800000, 0x0000000084900000, 0x0000000084900000|100%| O|  |TAMS 0x0000000084900000, 0x0000000084800000| Untracked 
|   5|0x0000000084900000, 0x0000000084a00000, 0x0000000084a00000|100%| O|  |TAMS 0x0000000084a00000, 0x0000000084900000| Untracked 
|   6|0x0000000084a00000, 0x0000000084a39400, 0x0000000084b00000| 22%| O|  |TAMS 0x0000000084a39400, 0x0000000084a00000| Untracked 
|   7|0x0000000084b00000, 0x0000000084b00000, 0x0000000084c00000|  0%| F|  |TAMS 0x0000000084b00000, 0x0000000084b00000| Untracked 
|   8|0x0000000084c00000, 0x0000000084c00000, 0x0000000084d00000|  0%| F|  |TAMS 0x0000000084c00000, 0x0000000084c00000| Untracked 
|   9|0x0000000084d00000, 0x0000000084d00000, 0x0000000084e00000|  0%| F|  |TAMS 0x0000000084d00000, 0x0000000084d00000| Untracked 
|  10|0x0000000084e00000, 0x0000000084e00000, 0x0000000084f00000|  0%| F|  |TAMS 0x0000000084e00000, 0x0000000084e00000| Untracked 
|  11|0x0000000084f00000, 0x0000000084f00000, 0x0000000085000000|  0%| F|  |TAMS 0x0000000084f00000, 0x0000000084f00000| Untracked 
|  12|0x0000000085000000, 0x0000000085000000, 0x0000000085100000|  0%| F|  |TAMS 0x0000000085000000, 0x0000000085000000| Untracked 
|  13|0x0000000085100000, 0x0000000085100000, 0x0000000085200000|  0%| F|  |TAMS 0x0000000085100000, 0x0000000085100000| Untracked 
|  14|0x0000000085200000, 0x0000000085200000, 0x0000000085300000|  0%| F|  |TAMS 0x0000000085200000, 0x0000000085200000| Untracked 
|  15|0x0000000085300000, 0x0000000085300000, 0x0000000085400000|  0%| F|  |TAMS 0x0000000085300000, 0x0000000085300000| Untracked 
|  16|0x0000000085400000, 0x0000000085400000, 0x0000000085500000|  0%| F|  |TAMS 0x0000000085400000, 0x0000000085400000| Untracked 
|  17|0x0000000085500000, 0x0000000085500000, 0x0000000085600000|  0%| F|  |TAMS 0x0000000085500000, 0x0000000085500000| Untracked 
|  18|0x0000000085600000, 0x0000000085600000, 0x0000000085700000|  0%| F|  |TAMS 0x0000000085600000, 0x0000000085600000| Untracked 
|  19|0x0000000085700000, 0x0000000085700000, 0x0000000085800000|  0%| F|  |TAMS 0x0000000085700000, 0x0000000085700000| Untracked 
|  20|0x0000000085800000, 0x0000000085800000, 0x0000000085900000|  0%| F|  |TAMS 0x0000000085800000, 0x0000000085800000| Untracked 
|  21|0x0000000085900000, 0x0000000085900000, 0x0000000085a00000|  0%| F|  |TAMS 0x0000000085900000, 0x0000000085900000| Untracked 
|  22|0x0000000085a00000, 0x0000000085a00000, 0x0000000085b00000|  0%| F|  |TAMS 0x0000000085a00000, 0x0000000085a00000| Untracked 
|  23|0x0000000085b00000, 0x0000000085b00000, 0x0000000085c00000|  0%| F|  |TAMS 0x0000000085b00000, 0x0000000085b00000| Untracked 
|  24|0x0000000085c00000, 0x0000000085c00000, 0x0000000085d00000|  0%| F|  |TAMS 0x0000000085c00000, 0x0000000085c00000| Untracked 
|  25|0x0000000085d00000, 0x0000000085d00000, 0x0000000085e00000|  0%| F|  |TAMS 0x0000000085d00000, 0x0000000085d00000| Untracked 
|  26|0x0000000085e00000, 0x0000000085e00000, 0x0000000085f00000|  0%| F|  |TAMS 0x0000000085e00000, 0x0000000085e00000| Untracked 
|  27|0x0000000085f00000, 0x0000000085f00000, 0x0000000086000000|  0%| F|  |TAMS 0x0000000085f00000, 0x0000000085f00000| Untracked 
|  28|0x0000000086000000, 0x0000000086000000, 0x0000000086100000|  0%| F|  |TAMS 0x0000000086000000, 0x0000000086000000| Untracked 
|  29|0x0000000086100000, 0x0000000086100000, 0x0000000086200000|  0%| F|  |TAMS 0x0000000086100000, 0x0000000086100000| Untracked 
|  30|0x0000000086200000, 0x0000000086200000, 0x0000000086300000|  0%| F|  |TAMS 0x0000000086200000, 0x0000000086200000| Untracked 
|  31|0x0000000086300000, 0x0000000086300000, 0x0000000086400000|  0%| F|  |TAMS 0x0000000086300000, 0x0000000086300000| Untracked 
|  32|0x0000000086400000, 0x0000000086400000, 0x0000000086500000|  0%| F|  |TAMS 0x0000000086400000, 0x0000000086400000| Untracked 
|  33|0x0000000086500000, 0x0000000086500000, 0x0000000086600000|  0%| F|  |TAMS 0x0000000086500000, 0x0000000086500000| Untracked 
|  34|0x0000000086600000, 0x0000000086600000, 0x0000000086700000|  0%| F|  |TAMS 0x0000000086600000, 0x0000000086600000| Untracked 
|  35|0x0000000086700000, 0x0000000086700000, 0x0000000086800000|  0%| F|  |TAMS 0x0000000086700000, 0x0000000086700000| Untracked 
|  36|0x0000000086800000, 0x0000000086800000, 0x0000000086900000|  0%| F|  |TAMS 0x0000000086800000, 0x0000000086800000| Untracked 
|  37|0x0000000086900000, 0x0000000086900000, 0x0000000086a00000|  0%| F|  |TAMS 0x0000000086900000, 0x0000000086900000| Untracked 
|  38|0x0000000086a00000, 0x0000000086a00000, 0x0000000086b00000|  0%| F|  |TAMS 0x0000000086a00000, 0x0000000086a00000| Untracked 
|  39|0x0000000086b00000, 0x0000000086b00000, 0x0000000086c00000|  0%| F|  |TAMS 0x0000000086b00000, 0x0000000086b00000| Untracked 
|  40|0x0000000086c00000, 0x0000000086c00000, 0x0000000086d00000|  0%| F|  |TAMS 0x0000000086c00000, 0x0000000086c00000| Untracked 
|  41|0x0000000086d00000, 0x0000000086d00000, 0x0000000086e00000|  0%| F|  |TAMS 0x0000000086d00000, 0x0000000086d00000| Untracked 
|  42|0x0000000086e00000, 0x0000000086e00000, 0x0000000086f00000|  0%| F|  |TAMS 0x0000000086e00000, 0x0000000086e00000| Untracked 
|  43|0x0000000086f00000, 0x0000000086f00000, 0x0000000087000000|  0%| F|  |TAMS 0x0000000086f00000, 0x0000000086f00000| Untracked 
|  44|0x0000000087000000, 0x0000000087000000, 0x0000000087100000|  0%| F|  |TAMS 0x0000000087000000, 0x0000000087000000| Untracked 
|  45|0x0000000087100000, 0x0000000087100000, 0x0000000087200000|  0%| F|  |TAMS 0x0000000087100000, 0x0000000087100000| Untracked 
|  46|0x0000000087200000, 0x0000000087200000, 0x0000000087300000|  0%| F|  |TAMS 0x0000000087200000, 0x0000000087200000| Untracked 
|  47|0x0000000087300000, 0x0000000087300000, 0x0000000087400000|  0%| F|  |TAMS 0x0000000087300000, 0x0000000087300000| Untracked 
|  48|0x0000000087400000, 0x0000000087400000, 0x0000000087500000|  0%| F|  |TAMS 0x0000000087400000, 0x0000000087400000| Untracked 
|  49|0x0000000087500000, 0x0000000087521ff8, 0x0000000087600000| 13%| S|CS|TAMS 0x0000000087500000, 0x0000000087500000| Complete 
|  50|0x0000000087600000, 0x0000000087700000, 0x0000000087700000|100%| S|CS|TAMS 0x0000000087600000, 0x0000000087600000| Complete 
|  51|0x0000000087700000, 0x0000000087800000, 0x0000000087800000|100%| S|CS|TAMS 0x0000000087700000, 0x0000000087700000| Complete 
|  52|0x0000000087800000, 0x0000000087900000, 0x0000000087900000|100%| S|CS|TAMS 0x0000000087800000, 0x0000000087800000| Complete 
|  53|0x0000000087900000, 0x0000000087a00000, 0x0000000087a00000|100%| S|CS|TAMS 0x0000000087900000, 0x0000000087900000| Complete 
|  54|0x0000000087a00000, 0x0000000087b00000, 0x0000000087b00000|100%| S|CS|TAMS 0x0000000087a00000, 0x0000000087a00000| Complete 
|  55|0x0000000087b00000, 0x0000000087c00000, 0x0000000087c00000|100%| S|CS|TAMS 0x0000000087b00000, 0x0000000087b00000| Complete 
|  56|0x0000000087c00000, 0x0000000087d00000, 0x0000000087d00000|100%| S|CS|TAMS 0x0000000087c00000, 0x0000000087c00000| Complete 
|  57|0x0000000087d00000, 0x0000000087e00000, 0x0000000087e00000|100%| S|CS|TAMS 0x0000000087d00000, 0x0000000087d00000| Complete 
|  58|0x0000000087e00000, 0x0000000087f00000, 0x0000000087f00000|100%| S|CS|TAMS 0x0000000087e00000, 0x0000000087e00000| Complete 
|  59|0x0000000087f00000, 0x0000000088000000, 0x0000000088000000|100%| S|CS|TAMS 0x0000000087f00000, 0x0000000087f00000| Complete 
|  60|0x0000000088000000, 0x0000000088000000, 0x0000000088100000|  0%| F|  |TAMS 0x0000000088000000, 0x0000000088000000| Untracked 
|  61|0x0000000088100000, 0x0000000088100000, 0x0000000088200000|  0%| F|  |TAMS 0x0000000088100000, 0x0000000088100000| Untracked 
|  62|0x0000000088200000, 0x0000000088200000, 0x0000000088300000|  0%| F|  |TAMS 0x0000000088200000, 0x0000000088200000| Untracked 
|  63|0x0000000088300000, 0x0000000088300000, 0x0000000088400000|  0%| F|  |TAMS 0x0000000088300000, 0x0000000088300000| Untracked 
|  64|0x0000000088400000, 0x0000000088400000, 0x0000000088500000|  0%| F|  |TAMS 0x0000000088400000, 0x0000000088400000| Untracked 
|  65|0x0000000088500000, 0x0000000088500000, 0x0000000088600000|  0%| F|  |TAMS 0x0000000088500000, 0x0000000088500000| Untracked 
|  66|0x0000000088600000, 0x0000000088600000, 0x0000000088700000|  0%| F|  |TAMS 0x0000000088600000, 0x0000000088600000| Untracked 
|  67|0x0000000088700000, 0x0000000088700000, 0x0000000088800000|  0%| F|  |TAMS 0x0000000088700000, 0x0000000088700000| Untracked 
|  68|0x0000000088800000, 0x0000000088800000, 0x0000000088900000|  0%| F|  |TAMS 0x0000000088800000, 0x0000000088800000| Untracked 
|  69|0x0000000088900000, 0x0000000088900000, 0x0000000088a00000|  0%| F|  |TAMS 0x0000000088900000, 0x0000000088900000| Untracked 
|  70|0x0000000088a00000, 0x0000000088a00000, 0x0000000088b00000|  0%| F|  |TAMS 0x0000000088a00000, 0x0000000088a00000| Untracked 
|  71|0x0000000088b00000, 0x0000000088b00000, 0x0000000088c00000|  0%| F|  |TAMS 0x0000000088b00000, 0x0000000088b00000| Untracked 
|  72|0x0000000088c00000, 0x0000000088c00000, 0x0000000088d00000|  0%| F|  |TAMS 0x0000000088c00000, 0x0000000088c00000| Untracked 
|  73|0x0000000088d00000, 0x0000000088d00000, 0x0000000088e00000|  0%| F|  |TAMS 0x0000000088d00000, 0x0000000088d00000| Untracked 
|  74|0x0000000088e00000, 0x0000000088e00000, 0x0000000088f00000|  0%| F|  |TAMS 0x0000000088e00000, 0x0000000088e00000| Untracked 
|  75|0x0000000088f00000, 0x0000000088f00000, 0x0000000089000000|  0%| F|  |TAMS 0x0000000088f00000, 0x0000000088f00000| Untracked 
|  76|0x0000000089000000, 0x0000000089000000, 0x0000000089100000|  0%| F|  |TAMS 0x0000000089000000, 0x0000000089000000| Untracked 
|  77|0x0000000089100000, 0x0000000089100000, 0x0000000089200000|  0%| F|  |TAMS 0x0000000089100000, 0x0000000089100000| Untracked 
|  78|0x0000000089200000, 0x0000000089200000, 0x0000000089300000|  0%| F|  |TAMS 0x0000000089200000, 0x0000000089200000| Untracked 
|  79|0x0000000089300000, 0x0000000089300000, 0x0000000089400000|  0%| F|  |TAMS 0x0000000089300000, 0x0000000089300000| Untracked 
|  80|0x0000000089400000, 0x0000000089400000, 0x0000000089500000|  0%| F|  |TAMS 0x0000000089400000, 0x0000000089400000| Untracked 
|  81|0x0000000089500000, 0x0000000089500000, 0x0000000089600000|  0%| F|  |TAMS 0x0000000089500000, 0x0000000089500000| Untracked 
|  82|0x0000000089600000, 0x0000000089600000, 0x0000000089700000|  0%| F|  |TAMS 0x0000000089600000, 0x0000000089600000| Untracked 
|  83|0x0000000089700000, 0x0000000089700000, 0x0000000089800000|  0%| F|  |TAMS 0x0000000089700000, 0x0000000089700000| Untracked 
|  84|0x0000000089800000, 0x0000000089800000, 0x0000000089900000|  0%| F|  |TAMS 0x0000000089800000, 0x0000000089800000| Untracked 
|  85|0x0000000089900000, 0x0000000089900000, 0x0000000089a00000|  0%| F|  |TAMS 0x0000000089900000, 0x0000000089900000| Untracked 
|  86|0x0000000089a00000, 0x0000000089a00000, 0x0000000089b00000|  0%| F|  |TAMS 0x0000000089a00000, 0x0000000089a00000| Untracked 
|  87|0x0000000089b00000, 0x0000000089b00000, 0x0000000089c00000|  0%| F|  |TAMS 0x0000000089b00000, 0x0000000089b00000| Untracked 
|  88|0x0000000089c00000, 0x0000000089c00000, 0x0000000089d00000|  0%| F|  |TAMS 0x0000000089c00000, 0x0000000089c00000| Untracked 
|  89|0x0000000089d00000, 0x0000000089d00000, 0x0000000089e00000|  0%| F|  |TAMS 0x0000000089d00000, 0x0000000089d00000| Untracked 
|  90|0x0000000089e00000, 0x0000000089e00000, 0x0000000089f00000|  0%| F|  |TAMS 0x0000000089e00000, 0x0000000089e00000| Untracked 
|  91|0x0000000089f00000, 0x0000000089f00000, 0x000000008a000000|  0%| F|  |TAMS 0x0000000089f00000, 0x0000000089f00000| Untracked 
|  92|0x000000008a000000, 0x000000008a000000, 0x000000008a100000|  0%| F|  |TAMS 0x000000008a000000, 0x000000008a000000| Untracked 
|  93|0x000000008a100000, 0x000000008a100000, 0x000000008a200000|  0%| F|  |TAMS 0x000000008a100000, 0x000000008a100000| Untracked 
|  94|0x000000008a200000, 0x000000008a200000, 0x000000008a300000|  0%| F|  |TAMS 0x000000008a200000, 0x000000008a200000| Untracked 
|  95|0x000000008a300000, 0x000000008a300000, 0x000000008a400000|  0%| F|  |TAMS 0x000000008a300000, 0x000000008a300000| Untracked 
|  96|0x000000008a400000, 0x000000008a400000, 0x000000008a500000|  0%| F|  |TAMS 0x000000008a400000, 0x000000008a400000| Untracked 
|  97|0x000000008a500000, 0x000000008a500000, 0x000000008a600000|  0%| F|  |TAMS 0x000000008a500000, 0x000000008a500000| Untracked 
|  98|0x000000008a600000, 0x000000008a600000, 0x000000008a700000|  0%| F|  |TAMS 0x000000008a600000, 0x000000008a600000| Untracked 
|  99|0x000000008a700000, 0x000000008a700000, 0x000000008a800000|  0%| F|  |TAMS 0x000000008a700000, 0x000000008a700000| Untracked 
| 100|0x000000008a800000, 0x000000008a800000, 0x000000008a900000|  0%| F|  |TAMS 0x000000008a800000, 0x000000008a800000| Untracked 
| 101|0x000000008a900000, 0x000000008a900000, 0x000000008aa00000|  0%| F|  |TAMS 0x000000008a900000, 0x000000008a900000| Untracked 
| 102|0x000000008aa00000, 0x000000008aa00000, 0x000000008ab00000|  0%| F|  |TAMS 0x000000008aa00000, 0x000000008aa00000| Untracked 
| 103|0x000000008ab00000, 0x000000008ab00000, 0x000000008ac00000|  0%| F|  |TAMS 0x000000008ab00000, 0x000000008ab00000| Untracked 
| 104|0x000000008ac00000, 0x000000008ac00000, 0x000000008ad00000|  0%| F|  |TAMS 0x000000008ac00000, 0x000000008ac00000| Untracked 
| 105|0x000000008ad00000, 0x000000008ad00000, 0x000000008ae00000|  0%| F|  |TAMS 0x000000008ad00000, 0x000000008ad00000| Untracked 
| 106|0x000000008ae00000, 0x000000008ae00000, 0x000000008af00000|  0%| F|  |TAMS 0x000000008ae00000, 0x000000008ae00000| Untracked 
| 107|0x000000008af00000, 0x000000008af00000, 0x000000008b000000|  0%| F|  |TAMS 0x000000008af00000, 0x000000008af00000| Untracked 
| 108|0x000000008b000000, 0x000000008b000000, 0x000000008b100000|  0%| F|  |TAMS 0x000000008b000000, 0x000000008b000000| Untracked 
| 109|0x000000008b100000, 0x000000008b100000, 0x000000008b200000|  0%| F|  |TAMS 0x000000008b100000, 0x000000008b100000| Untracked 
| 110|0x000000008b200000, 0x000000008b200000, 0x000000008b300000|  0%| F|  |TAMS 0x000000008b200000, 0x000000008b200000| Untracked 
| 111|0x000000008b300000, 0x000000008b300000, 0x000000008b400000|  0%| F|  |TAMS 0x000000008b300000, 0x000000008b300000| Untracked 
| 112|0x000000008b400000, 0x000000008b400000, 0x000000008b500000|  0%| F|  |TAMS 0x000000008b400000, 0x000000008b400000| Untracked 
| 113|0x000000008b500000, 0x000000008b500000, 0x000000008b600000|  0%| F|  |TAMS 0x000000008b500000, 0x000000008b500000| Untracked 
| 114|0x000000008b600000, 0x000000008b600000, 0x000000008b700000|  0%| F|  |TAMS 0x000000008b600000, 0x000000008b600000| Untracked 
| 115|0x000000008b700000, 0x000000008b700000, 0x000000008b800000|  0%| F|  |TAMS 0x000000008b700000, 0x000000008b700000| Untracked 
| 116|0x000000008b800000, 0x000000008b800000, 0x000000008b900000|  0%| F|  |TAMS 0x000000008b800000, 0x000000008b800000| Untracked 
| 117|0x000000008b900000, 0x000000008b900000, 0x000000008ba00000|  0%| F|  |TAMS 0x000000008b900000, 0x000000008b900000| Untracked 
| 118|0x000000008ba00000, 0x000000008ba00000, 0x000000008bb00000|  0%| F|  |TAMS 0x000000008ba00000, 0x000000008ba00000| Untracked 
| 119|0x000000008bb00000, 0x000000008bb00000, 0x000000008bc00000|  0%| F|  |TAMS 0x000000008bb00000, 0x000000008bb00000| Untracked 
| 120|0x000000008bc00000, 0x000000008bc00000, 0x000000008bd00000|  0%| F|  |TAMS 0x000000008bc00000, 0x000000008bc00000| Untracked 
| 121|0x000000008bd00000, 0x000000008bdae530, 0x000000008be00000| 68%| E|  |TAMS 0x000000008bd00000, 0x000000008bd00000| Complete 
| 122|0x000000008be00000, 0x000000008bf00000, 0x000000008bf00000|100%| E|CS|TAMS 0x000000008be00000, 0x000000008be00000| Complete 
| 123|0x000000008bf00000, 0x000000008c000000, 0x000000008c000000|100%| E|CS|TAMS 0x000000008bf00000, 0x000000008bf00000| Complete 
| 124|0x000000008c000000, 0x000000008c100000, 0x000000008c100000|100%| E|CS|TAMS 0x000000008c000000, 0x000000008c000000| Complete 
| 125|0x000000008c100000, 0x000000008c200000, 0x000000008c200000|100%| E|CS|TAMS 0x000000008c100000, 0x000000008c100000| Complete 
| 126|0x000000008c200000, 0x000000008c300000, 0x000000008c300000|100%| E|CS|TAMS 0x000000008c200000, 0x000000008c200000| Complete 
| 127|0x000000008c300000, 0x000000008c400000, 0x000000008c400000|100%| E|CS|TAMS 0x000000008c300000, 0x000000008c300000| Complete 
| 128|0x000000008c400000, 0x000000008c500000, 0x000000008c500000|100%| E|CS|TAMS 0x000000008c400000, 0x000000008c400000| Complete 
| 129|0x000000008c500000, 0x000000008c600000, 0x000000008c600000|100%| E|CS|TAMS 0x000000008c500000, 0x000000008c500000| Complete 
| 130|0x000000008c600000, 0x000000008c700000, 0x000000008c700000|100%| E|CS|TAMS 0x000000008c600000, 0x000000008c600000| Complete 
| 131|0x000000008c700000, 0x000000008c800000, 0x000000008c800000|100%| E|CS|TAMS 0x000000008c700000, 0x000000008c700000| Complete 
| 132|0x000000008c800000, 0x000000008c900000, 0x000000008c900000|100%| E|CS|TAMS 0x000000008c800000, 0x000000008c800000| Complete 
| 133|0x000000008c900000, 0x000000008ca00000, 0x000000008ca00000|100%| E|CS|TAMS 0x000000008c900000, 0x000000008c900000| Complete 
| 134|0x000000008ca00000, 0x000000008cb00000, 0x000000008cb00000|100%| E|CS|TAMS 0x000000008ca00000, 0x000000008ca00000| Complete 
| 135|0x000000008cb00000, 0x000000008cc00000, 0x000000008cc00000|100%| E|CS|TAMS 0x000000008cb00000, 0x000000008cb00000| Complete 
| 136|0x000000008cc00000, 0x000000008cd00000, 0x000000008cd00000|100%| E|CS|TAMS 0x000000008cc00000, 0x000000008cc00000| Complete 
| 137|0x000000008cd00000, 0x000000008ce00000, 0x000000008ce00000|100%| E|CS|TAMS 0x000000008cd00000, 0x000000008cd00000| Complete 
| 138|0x000000008ce00000, 0x000000008cf00000, 0x000000008cf00000|100%| E|CS|TAMS 0x000000008ce00000, 0x000000008ce00000| Complete 
| 139|0x000000008cf00000, 0x000000008d000000, 0x000000008d000000|100%| E|CS|TAMS 0x000000008cf00000, 0x000000008cf00000| Complete 
| 140|0x000000008d000000, 0x000000008d100000, 0x000000008d100000|100%| E|CS|TAMS 0x000000008d000000, 0x000000008d000000| Complete 
| 141|0x000000008d100000, 0x000000008d200000, 0x000000008d200000|100%| E|CS|TAMS 0x000000008d100000, 0x000000008d100000| Complete 
| 142|0x000000008d200000, 0x000000008d300000, 0x000000008d300000|100%| E|CS|TAMS 0x000000008d200000, 0x000000008d200000| Complete 
| 143|0x000000008d300000, 0x000000008d400000, 0x000000008d400000|100%| E|CS|TAMS 0x000000008d300000, 0x000000008d300000| Complete 
| 144|0x000000008d400000, 0x000000008d500000, 0x000000008d500000|100%| E|CS|TAMS 0x000000008d400000, 0x000000008d400000| Complete 
| 145|0x000000008d500000, 0x000000008d600000, 0x000000008d600000|100%| E|CS|TAMS 0x000000008d500000, 0x000000008d500000| Complete 
| 146|0x000000008d600000, 0x000000008d700000, 0x000000008d700000|100%| E|CS|TAMS 0x000000008d600000, 0x000000008d600000| Complete 
| 147|0x000000008d700000, 0x000000008d800000, 0x000000008d800000|100%| E|CS|TAMS 0x000000008d700000, 0x000000008d700000| Complete 
| 148|0x000000008d800000, 0x000000008d900000, 0x000000008d900000|100%| E|CS|TAMS 0x000000008d800000, 0x000000008d800000| Complete 

Card table byte_map: [0x000001f4cede0000,0x000001f4cf1c0000] _byte_map_base: 0x000001f4ce9be000

Marking Bits (Prev, Next): (CMBitMap*) 0x000001f4b72595f8, (CMBitMap*) 0x000001f4b7259630
 Prev Bits: [0x000001f4cf5a0000, 0x000001f4d1490000)
 Next Bits: [0x000001f4d1490000, 0x000001f4d3380000)

Polling page: 0x000001f4b51e0000

Metaspace:

Usage:
  Non-class:     45.05 MB capacity,    43.99 MB ( 98%) used,   880.30 KB (  2%) free+waste,   207.56 KB ( <1%) overhead. 
      Class:      6.31 MB capacity,     5.63 MB ( 89%) used,   592.87 KB (  9%) free+waste,    98.13 KB (  2%) overhead. 
       Both:     51.36 MB capacity,    49.62 MB ( 97%) used,     1.44 MB (  3%) free+waste,   305.69 KB ( <1%) overhead. 

Virtual space:
  Non-class space:       46.00 MB reserved,      45.25 MB ( 98%) committed 
      Class space:        1.00 GB reserved,       6.38 MB ( <1%) committed 
             Both:        1.04 GB reserved,      51.63 MB (  5%) committed 

Chunk freelists:
   Non-Class:  1.63 KB
       Class:  512 bytes
        Both:  2.13 KB

CodeHeap 'non-profiled nmethods': size=120000Kb used=2723Kb max_used=2723Kb free=117276Kb
 bounds [0x000001f4c71a0000, 0x000001f4c7450000, 0x000001f4ce6d0000]
CodeHeap 'profiled nmethods': size=120000Kb used=10702Kb max_used=10702Kb free=109297Kb
 bounds [0x000001f4bfc70000, 0x000001f4c06f0000, 0x000001f4c71a0000]
CodeHeap 'non-nmethods': size=5760Kb used=1248Kb max_used=1295Kb free=4511Kb
 bounds [0x000001f4bf6d0000, 0x000001f4bf940000, 0x000001f4bfc70000]
 total_blobs=5601 nmethods=4986 adapters=526
 compilation: enabled
              stopped_count=0, restarted_count=0
 full_count=0

Compilation events (10 events):
Event: 670.011 Thread 0x000001f4d5df7000 nmethod 5011 0x000001f4c7445f90 code [0x000001f4c7446140, 0x000001f4c7446438]
Event: 670.011 Thread 0x000001f4d5df7000 5012       4       org.apache.kafka.clients.NetworkClient::handleTimedOutConnections (92 bytes)
Event: 673.251 Thread 0x000001f4d5df7000 nmethod 5012 0x000001f4c7446790 code [0x000001f4c7446a00, 0x000001f4c7447d98]
Event: 673.503 Thread 0x000001f4d5df7000 5013       4       org.apache.kafka.clients.NetworkClient::handleTimedOutRequests (80 bytes)
Event: 673.638 Thread 0x000001f4d5df7000 nmethod 5013 0x000001f4c7448890 code [0x000001f4c7448a20, 0x000001f4c7448b28]
Event: 675.471 Thread 0x000001f4d676c000 5014       3       org.apache.kafka.common.network.NetworkSend::size (10 bytes)
Event: 675.538 Thread 0x000001f4d676c000 nmethod 5014 0x000001f4c06e3690 code [0x000001f4c06e3840, 0x000001f4c06e3a08]
Event: 683.595 Thread 0x000001f4d5df7000 5015       4       java.util.concurrent.locks.AbstractQueuedSynchronizer$Node::predecessor (19 bytes)
Event: 683.665 Thread 0x000001f4d5df7000 nmethod 5015 0x000001f4c7448c90 code [0x000001f4c7448e20, 0x000001f4c7448e98]
Event: 685.901 Thread 0x000001f4d5df7000 5016       4       org.apache.kafka.clients.consumer.internals.ConsumerNetworkClient::failExpiredRequests (93 bytes)

GC Heap History (10 events):
Event: 2.394 GC heap before
{Heap before GC invocations=1 (full 0):
 garbage-first heap   total 126976K, used 34715K [0x0000000084400000, 0x0000000100000000)
  region size 1024K, 34 young (34816K), 3 survivors (3072K)
 Metaspace       used 20670K, capacity 21231K, committed 21296K, reserved 1069056K
  class space    used 2215K, capacity 2415K, committed 2432K, reserved 1048576K
}
Event: 2.404 GC heap after
{Heap after GC invocations=2 (full 0):
 garbage-first heap   total 126976K, used 6626K [0x0000000084400000, 0x0000000100000000)
  region size 1024K, 5 young (5120K), 5 survivors (5120K)
 Metaspace       used 20670K, capacity 21231K, committed 21296K, reserved 1069056K
  class space    used 2215K, capacity 2415K, committed 2432K, reserved 1048576K
}
Event: 3.164 GC heap before
{Heap before GC invocations=3 (full 0):
 garbage-first heap   total 126976K, used 38370K [0x0000000084400000, 0x0000000100000000)
  region size 1024K, 36 young (36864K), 5 survivors (5120K)
 Metaspace       used 25232K, capacity 25885K, committed 26240K, reserved 1073152K
  class space    used 2829K, capacity 3092K, committed 3200K, reserved 1048576K
}
Event: 3.174 GC heap after
{Heap after GC invocations=4 (full 0):
 garbage-first heap   total 126976K, used 8285K [0x0000000084400000, 0x0000000100000000)
  region size 1024K, 4 young (4096K), 4 survivors (4096K)
 Metaspace       used 25232K, capacity 25885K, committed 26240K, reserved 1073152K
  class space    used 2829K, capacity 3092K, committed 3200K, reserved 1048576K
}
Event: 7.091 GC heap before
{Heap before GC invocations=4 (full 0):
 garbage-first heap   total 126976K, used 57437K [0x0000000084400000, 0x0000000100000000)
  region size 1024K, 52 young (53248K), 4 survivors (4096K)
 Metaspace       used 33360K, capacity 34328K, committed 34432K, reserved 1079296K
  class space    used 3821K, capacity 4194K, committed 4224K, reserved 1048576K
}
Event: 7.108 GC heap after
{Heap after GC invocations=5 (full 0):
 garbage-first heap   total 126976K, used 11365K [0x0000000084400000, 0x0000000100000000)
  region size 1024K, 7 young (7168K), 7 survivors (7168K)
 Metaspace       used 33360K, capacity 34328K, committed 34432K, reserved 1079296K
  class space    used 3821K, capacity 4194K, committed 4224K, reserved 1048576K
}
Event: 7.476 GC heap before
{Heap before GC invocations=5 (full 0):
 garbage-first heap   total 126976K, used 25701K [0x0000000084400000, 0x0000000100000000)
  region size 1024K, 22 young (22528K), 7 survivors (7168K)
 Metaspace       used 34928K, capacity 35928K, committed 35968K, reserved 1081344K
  class space    used 4043K, capacity 4471K, committed 4480K, reserved 1048576K
}
Event: 7.486 GC heap after
{Heap after GC invocations=6 (full 0):
 garbage-first heap   total 152576K, used 12426K [0x0000000084400000, 0x0000000100000000)
  region size 1024K, 6 young (6144K), 6 survivors (6144K)
 Metaspace       used 34928K, capacity 35928K, committed 35968K, reserved 1081344K
  class space    used 4043K, capacity 4471K, committed 4480K, reserved 1048576K
}
Event: 22.605 GC heap before
{Heap before GC invocations=7 (full 0):
 garbage-first heap   total 152576K, used 97418K [0x0000000084400000, 0x0000000100000000)
  region size 1024K, 89 young (91136K), 6 survivors (6144K)
 Metaspace       used 49990K, capacity 51693K, committed 51840K, reserved 1095680K
  class space    used 5753K, capacity 6449K, committed 6528K, reserved 1048576K
}
Event: 22.615 GC heap after
{Heap after GC invocations=8 (full 0):
 garbage-first heap   total 152576K, used 16748K [0x0000000084400000, 0x0000000100000000)
  region size 1024K, 11 young (11264K), 11 survivors (11264K)
 Metaspace       used 49990K, capacity 51693K, committed 51840K, reserved 1095680K
  class space    used 5753K, capacity 6449K, committed 6528K, reserved 1048576K
}

Deoptimization events (10 events):
Event: 22.045 Thread 0x000001f4db44a000 Uncommon trap: reason=bimorphic_or_optimized_type_check action=maybe_recompile pc=0x000001f4c72353f0 method=java.io.DataOutputStream.writeByte(I)V @ 5 c2
Event: 22.045 Thread 0x000001f4db44a000 Uncommon trap: reason=bimorphic_or_optimized_type_check action=maybe_recompile pc=0x000001f4c72353f0 method=java.io.DataOutputStream.writeByte(I)V @ 5 c2
Event: 22.046 Thread 0x000001f4db44a000 Uncommon trap: reason=class_check action=maybe_recompile pc=0x000001f4c723d898 method=java.io.DataOutputStream.write(I)V @ 5 c2
Event: 22.046 Thread 0x000001f4db44a000 Uncommon trap: reason=bimorphic_or_optimized_type_check action=maybe_recompile pc=0x000001f4c72353f0 method=java.io.DataOutputStream.writeByte(I)V @ 5 c2
Event: 22.046 Thread 0x000001f4db44a000 Uncommon trap: reason=bimorphic_or_optimized_type_check action=maybe_recompile pc=0x000001f4c72353f0 method=java.io.DataOutputStream.writeByte(I)V @ 5 c2
Event: 533.641 Thread 0x000001f4dad9c800 Uncommon trap: reason=unstable_if action=reinterpret pc=0x000001f4c73f7ad4 method=java.util.concurrent.ConcurrentLinkedQueue.poll()Ljava/lang/Object; @ 40 c2
Event: 550.117 Thread 0x000001f4dad9c800 Uncommon trap: reason=unstable_if action=reinterpret pc=0x000001f4c741364c method=org.apache.kafka.clients.NetworkClient.handleDisconnections(Ljava/util/List;J)V @ 28 c2
Event: 551.149 Thread 0x000001f4d6f93800 Uncommon trap: reason=unstable_if action=reinterpret pc=0x000001f4c741ff4c method=org.apache.kafka.clients.Metadata.updateRequested()Z @ 4 c2
Event: 551.174 Thread 0x000001f4dad9c800 Uncommon trap: reason=unstable_if action=reinterpret pc=0x000001f4c73f4ae0 method=org.apache.kafka.clients.consumer.internals.ConsumerNetworkClient.trySend(J)J @ 114 c2
Event: 551.174 Thread 0x000001f4dad9c800 Uncommon trap: reason=unstable_if action=reinterpret pc=0x000001f4c740395c method=org.apache.kafka.clients.Metadata.updateRequested()Z @ 4 c2

Classes redefined (0 events):
No events

Internal exceptions (10 events):
Event: 9.725 Thread 0x000001f4dad9c800 Exception <a 'java/lang/NoSuchMethodError'{0x0000000088c2ee60}: java.lang.invoke.DirectMethodHandle$Holder.invokeStatic(Ljava/lang/Object;Ljava/lang/Object;Ljava/lang/Object;Ljava/lang/Object;J)Ljava/lang/Object;> (0x0000000088c2ee60) thrown at [./open/sr
Event: 10.279 Thread 0x000001f4dad9c800 Exception <a 'java/lang/NoSuchMethodError'{0x0000000088ceb120}: java.lang.invoke.DirectMethodHandle$Holder.invokeStatic(Ljava/lang/Object;Ljava/lang/Object;ILjava/lang/Object;)Ljava/lang/Object;> (0x0000000088ceb120) thrown at [./open/src/hotspot/share/in
Event: 10.279 Thread 0x000001f4dad9c800 Exception <a 'java/lang/NoSuchMethodError'{0x0000000088cee618}: java.lang.invoke.Invokers$Holder.linkToTargetMethod(Ljava/lang/Object;ILjava/lang/Object;Ljava/lang/Object;)Ljava/lang/Object;> (0x0000000088cee618) thrown at [./open/src/hotspot/share/interp
Event: 21.358 Thread 0x000001f4db44a000 Exception <a 'java/lang/NoSuchMethodError'{0x000000008820bee0}: java.lang.invoke.DirectMethodHandle$Holder.invokeStatic(Ljava/lang/Object;Ljava/lang/Object;Ljava/lang/Object;J)D> (0x000000008820bee0) thrown at [./open/src/hotspot/share/interpreter/linkRes
Event: 21.908 Thread 0x000001f4db44a000 Exception <a 'java/lang/NoSuchMethodError'{0x000000008824ce18}: java.lang.invoke.Invokers$Holder.linkToTargetMethod(Ljava/lang/Object;ILjava/lang/Object;)Ljava/lang/Object;> (0x000000008824ce18) thrown at [./open/src/hotspot/share/interpreter/linkResolver
Event: 22.015 Thread 0x000001f4d6f95800 Exception <a 'java/lang/NoSuchMethodError'{0x00000000882be3a8}: java.lang.invoke.DirectMethodHandle$Holder.invokeStatic(Ljava/lang/Object;Ljava/lang/Object;Ljava/lang/Object;J)Ljava/lang/Object;> (0x00000000882be3a8) thrown at [./open/src/hotspot/share/in
Event: 22.016 Thread 0x000001f4d6f95800 Exception <a 'java/lang/NoSuchMethodError'{0x00000000882c1608}: java.lang.invoke.DirectMethodHandle$Holder.invokeSpecial(Ljava/lang/Object;Ljava/lang/Object;Ljava/lang/Object;Ljava/lang/Object;J)Ljava/lang/Object;> (0x00000000882c1608) thrown at [./open/s
Event: 22.599 Thread 0x000001f4d6f95800 Exception <a 'java/lang/NoSuchMethodError'{0x00000000881d23c0}: java.lang.invoke.DirectMethodHandle$Holder.invokeStatic(Ljava/lang/Object;Ljava/lang/Object;Ljava/lang/Object;IJ)Ljava/lang/Object;> (0x00000000881d23c0) thrown at [./open/src/hotspot/share/i
Event: 22.601 Thread 0x000001f4d6f95800 Exception <a 'java/lang/NoSuchMethodError'{0x00000000880e0ac8}: java.lang.invoke.DirectMethodHandle$Holder.invokeStatic(Ljava/lang/Object;Ljava/lang/Object;Ljava/lang/Object;Ljava/lang/Object;IJ)Ljava/lang/Object;> (0x00000000880e0ac8) thrown at [./open/s
Event: 22.601 Thread 0x000001f4d6f95800 Exception <a 'java/lang/NoSuchMethodError'{0x00000000880e43d0}: java.lang.invoke.DirectMethodHandle$Holder.invokeSpecial(Ljava/lang/Object;Ljava/lang/Object;Ljava/lang/Object;Ljava/lang/Object;Ljava/lang/Object;IJ)Ljava/lang/Object;> (0x00000000880e43d0) 

Events (10 events):
Event: 551.140 loading class org/apache/kafka/clients/Metadata done
Event: 551.149 Thread 0x000001f4d6f93800 Uncommon trap: trap_request=0xffffff4d fr.pc=0x000001f4c741ff4c relative=0x000000000000030c
Event: 551.149 Thread 0x000001f4d6f93800 DEOPT PACKING pc=0x000001f4c741ff4c sp=0x0000005d472ff050
Event: 551.150 Thread 0x000001f4d6f93800 DEOPT UNPACKING pc=0x000001f4bf6d83af sp=0x0000005d472fef18 mode 2
Event: 551.174 Thread 0x000001f4dad9c800 Uncommon trap: trap_request=0xffffff4d fr.pc=0x000001f4c73f4ae0 relative=0x0000000000000c40
Event: 551.174 Thread 0x000001f4dad9c800 DEOPT PACKING pc=0x000001f4c73f4ae0 sp=0x0000005d464fe880
Event: 551.174 Thread 0x000001f4dad9c800 DEOPT UNPACKING pc=0x000001f4bf6d83af sp=0x0000005d464fe888 mode 2
Event: 551.174 Thread 0x000001f4dad9c800 Uncommon trap: trap_request=0xffffff4d fr.pc=0x000001f4c740395c relative=0x000000000000023c
Event: 551.174 Thread 0x000001f4dad9c800 DEOPT PACKING pc=0x000001f4c740395c sp=0x0000005d464fe770
Event: 551.174 Thread 0x000001f4dad9c800 DEOPT UNPACKING pc=0x000001f4bf6d83af sp=0x0000005d464fe6d0 mode 2


Dynamic libraries:
0x00007ff65b130000 - 0x00007ff65b13f000 	C:\Program Files\Java\jdk-11.0.12\bin\java.exe
0x00007ffc62e90000 - 0x00007ffc630a4000 	C:\WINDOWS\SYSTEM32\ntdll.dll
0x00007ffc61a60000 - 0x00007ffc61b23000 	C:\WINDOWS\System32\KERNEL32.DLL
0x00007ffc605f0000 - 0x00007ffc6098d000 	C:\WINDOWS\System32\KERNELBASE.dll
0x00007ffc60a50000 - 0x00007ffc60b61000 	C:\WINDOWS\System32\ucrtbase.dll
0x00007ffc5a120000 - 0x00007ffc5a135000 	C:\Program Files\Java\jdk-11.0.12\bin\VCRUNTIME140.dll
0x00007ffc5a100000 - 0x00007ffc5a118000 	C:\Program Files\Java\jdk-11.0.12\bin\jli.dll
0x00007ffc62cf0000 - 0x00007ffc62d9e000 	C:\WINDOWS\System32\ADVAPI32.dll
0x00007ffc61590000 - 0x00007ffc61637000 	C:\WINDOWS\System32\msvcrt.dll
0x00007ffc62da0000 - 0x00007ffc62e44000 	C:\WINDOWS\System32\sechost.dll
0x00007ffc61c40000 - 0x00007ffc61d55000 	C:\WINDOWS\System32\RPCRT4.dll
0x00007ffc610b0000 - 0x00007ffc6125d000 	C:\WINDOWS\System32\USER32.dll
0x00007ffc60330000 - 0x00007ffc60356000 	C:\WINDOWS\System32\win32u.dll
0x00007ffc33b70000 - 0x00007ffc33dfe000 	C:\WINDOWS\WinSxS\amd64_microsoft.windows.common-controls_6595b64144ccf1df_6.0.22621.608_none_a9444ca7c10bb01d\COMCTL32.dll
0x00007ffc62670000 - 0x00007ffc62699000 	C:\WINDOWS\System32\GDI32.dll
0x00007ffc604d0000 - 0x00007ffc605e2000 	C:\WINDOWS\System32\gdi32full.dll
0x00007ffc60b70000 - 0x00007ffc60c0a000 	C:\WINDOWS\System32\msvcp_win.dll
0x00007ffc4b0b0000 - 0x00007ffc4b0ba000 	C:\WINDOWS\SYSTEM32\VERSION.dll
0x00007ffc61d80000 - 0x00007ffc61db2000 	C:\WINDOWS\System32\IMM32.DLL
0x00007ffc4e940000 - 0x00007ffc4e9db000 	C:\Program Files\Java\jdk-11.0.12\bin\msvcp140.dll
0x00007ffbfb8a0000 - 0x00007ffbfc39f000 	C:\Program Files\Java\jdk-11.0.12\bin\server\jvm.dll
0x00007ffc61260000 - 0x00007ffc61268000 	C:\WINDOWS\System32\PSAPI.DLL
0x00007ffc49980000 - 0x00007ffc499b4000 	C:\WINDOWS\SYSTEM32\WINMM.dll
0x00007ffc3c840000 - 0x00007ffc3c849000 	C:\WINDOWS\SYSTEM32\WSOCK32.dll
0x00007ffc614f0000 - 0x00007ffc61561000 	C:\WINDOWS\System32\WS2_32.dll
0x00007ffc5f3f0000 - 0x00007ffc5f408000 	C:\WINDOWS\SYSTEM32\kernel.appcore.dll
0x00007ffc5a190000 - 0x00007ffc5a1a0000 	C:\Program Files\Java\jdk-11.0.12\bin\verify.dll
0x00007ffc5dac0000 - 0x00007ffc5dcee000 	C:\WINDOWS\SYSTEM32\DBGHELP.DLL
0x00007ffc61640000 - 0x00007ffc619ca000 	C:\WINDOWS\System32\combase.dll
0x00007ffc61410000 - 0x00007ffc614e7000 	C:\WINDOWS\System32\OLEAUT32.dll
0x00007ffc50730000 - 0x00007ffc50762000 	C:\WINDOWS\SYSTEM32\dbgcore.DLL
0x00007ffc602b0000 - 0x00007ffc6032b000 	C:\WINDOWS\System32\bcryptPrimitives.dll
0x00007ffc4edc0000 - 0x00007ffc4ede8000 	C:\Program Files\Java\jdk-11.0.12\bin\java.dll
0x00007ffc5a0f0000 - 0x00007ffc5a0fa000 	C:\Program Files\Java\jdk-11.0.12\bin\jimage.dll
0x00007ffc50770000 - 0x00007ffc5077e000 	C:\Program Files\Java\jdk-11.0.12\bin\instrument.dll
0x00007ffc4e920000 - 0x00007ffc4e936000 	C:\Program Files\Java\jdk-11.0.12\bin\zip.dll
0x00007ffc61dc0000 - 0x00007ffc625af000 	C:\WINDOWS\System32\SHELL32.dll
0x00007ffc5e290000 - 0x00007ffc5eb58000 	C:\WINDOWS\SYSTEM32\windows.storage.dll
0x00007ffc5e150000 - 0x00007ffc5e28e000 	C:\WINDOWS\SYSTEM32\wintypes.dll
0x00007ffc62760000 - 0x00007ffc62851000 	C:\WINDOWS\System32\SHCORE.dll
0x00007ffc62610000 - 0x00007ffc6266e000 	C:\WINDOWS\System32\shlwapi.dll
0x00007ffc601e0000 - 0x00007ffc60201000 	C:\WINDOWS\SYSTEM32\profapi.dll
0x00007ffc4e900000 - 0x00007ffc4e919000 	C:\Program Files\Java\jdk-11.0.12\bin\net.dll
0x00007ffc4e130000 - 0x00007ffc4e25f000 	C:\WINDOWS\SYSTEM32\WINHTTP.dll
0x00007ffc5f860000 - 0x00007ffc5f8c9000 	C:\WINDOWS\system32\mswsock.dll
0x00007ffc4e8e0000 - 0x00007ffc4e8f2000 	C:\Program Files\Java\jdk-11.0.12\bin\nio.dll
0x00007ffc4e8c0000 - 0x00007ffc4e8da000 	C:\ideaIC-2022.3.1.win\bin\breakgen64.dll
0x00007ffc4e8b0000 - 0x00007ffc4e8b9000 	C:\Program Files\Java\jdk-11.0.12\bin\management.dll
0x00007ffc4e8a0000 - 0x00007ffc4e8ab000 	C:\Program Files\Java\jdk-11.0.12\bin\management_ext.dll
0x00007ffc348f0000 - 0x00007ffc34907000 	C:\WINDOWS\system32\napinsp.dll
0x00007ffc348d0000 - 0x00007ffc348eb000 	C:\WINDOWS\system32\pnrpnsp.dll
0x00007ffc5eea0000 - 0x00007ffc5ef92000 	C:\WINDOWS\SYSTEM32\DNSAPI.dll
0x00007ffc5ee30000 - 0x00007ffc5ee5d000 	C:\WINDOWS\SYSTEM32\IPHLPAPI.DLL
0x00007ffc61c20000 - 0x00007ffc61c29000 	C:\WINDOWS\System32\NSI.dll
0x00007ffc348b0000 - 0x00007ffc348c1000 	C:\WINDOWS\System32\winrnr.dll
0x00007ffc4c470000 - 0x00007ffc4c485000 	C:\WINDOWS\system32\wshbth.dll
0x00007ffc346d0000 - 0x00007ffc346f1000 	C:\WINDOWS\system32\nlansp_c.dll
0x00007ffc4dda0000 - 0x00007ffc4ddaa000 	C:\Windows\System32\rasadhlp.dll
0x00007ffc4de30000 - 0x00007ffc4deb3000 	C:\WINDOWS\System32\fwpuclnt.dll
0x00007ffc5fac0000 - 0x00007ffc5fadb000 	C:\WINDOWS\SYSTEM32\CRYPTSP.dll
0x00007ffc5f360000 - 0x00007ffc5f395000 	C:\WINDOWS\system32\rsaenh.dll
0x00007ffc5f950000 - 0x00007ffc5f978000 	C:\WINDOWS\SYSTEM32\USERENV.dll
0x00007ffc5fc50000 - 0x00007ffc5fc78000 	C:\WINDOWS\SYSTEM32\bcrypt.dll
0x00007ffc5fab0000 - 0x00007ffc5fabc000 	C:\WINDOWS\SYSTEM32\CRYPTBASE.dll
0x00007ffc4e050000 - 0x00007ffc4e069000 	C:\WINDOWS\SYSTEM32\dhcpcsvc6.DLL
0x00007ffc4e030000 - 0x00007ffc4e04f000 	C:\WINDOWS\SYSTEM32\dhcpcsvc.DLL
0x00007ffc4e4e0000 - 0x00007ffc4e4ed000 	C:\Program Files\Java\jdk-11.0.12\bin\sunmscapi.dll
0x00007ffc60360000 - 0x00007ffc604c6000 	C:\WINDOWS\System32\CRYPT32.dll
0x00007ffc5fc20000 - 0x00007ffc5fc4d000 	C:\WINDOWS\SYSTEM32\ncrypt.dll
0x00007ffc5fbe0000 - 0x00007ffc5fc17000 	C:\WINDOWS\SYSTEM32\NTASN1.dll
0x00007ffc4c9e0000 - 0x00007ffc4ca05000 	C:\Program Files\Java\jdk-11.0.12\bin\sunec.dll

dbghelp: loaded successfully - version: 4.0.5 - missing functions: none
symbol engine: initialized successfully - sym options: 0x614 - pdb path: .;C:\Program Files\Java\jdk-11.0.12\bin;C:\WINDOWS\SYSTEM32;C:\WINDOWS\WinSxS\amd64_microsoft.windows.common-controls_6595b64144ccf1df_6.0.22621.608_none_a9444ca7c10bb01d;C:\Program Files\Java\jdk-11.0.12\bin\server;C:\ideaIC-2022.3.1.win\bin

VM Arguments:
jvm_args: -javaagent:C:\ideaIC-2022.3.1.win\lib\idea_rt.jar=62800:C:\ideaIC-2022.3.1.win\bin -Dfile.encoding=UTF-8 
java_command: br.com.tokunaga.Application
java_class_path (initial): C:\Users\55839\Desktop\Projects Java\springboot-kafka-localstack\target\classes;C:\Users\55839\.m2\repository\org\springframework\boot\spring-boot-starter-web\2.7.0\spring-boot-starter-web-2.7.0.jar;C:\Users\55839\.m2\repository\org\springframework\boot\spring-boot-starter\2.7.0\spring-boot-starter-2.7.0.jar;C:\Users\55839\.m2\repository\org\springframework\boot\spring-boot\2.7.0\spring-boot-2.7.0.jar;C:\Users\55839\.m2\repository\org\springframework\boot\spring-boot-autoconfigure\2.7.0\spring-boot-autoconfigure-2.7.0.jar;C:\Users\55839\.m2\repository\org\springframework\boot\spring-boot-starter-logging\2.7.0\spring-boot-starter-logging-2.7.0.jar;C:\Users\55839\.m2\repository\ch\qos\logback\logback-classic\1.2.11\logback-classic-1.2.11.jar;C:\Users\55839\.m2\repository\ch\qos\logback\logback-core\1.2.11\logback-core-1.2.11.jar;C:\Users\55839\.m2\repository\org\apache\logging\log4j\log4j-to-slf4j\2.17.2\log4j-to-slf4j-2.17.2.jar;C:\Users\55839\.m2\repository\org\apache\logging\log4j\log4j-api\2.17.2\log4j-api-2.17.2.jar;C:\Users\55839\.m2\repository\org\slf4j\jul-to-slf4j\1.7.36\jul-to-slf4j-1.7.36.jar;C:\Users\55839\.m2\repository\jakarta\annotation\jakarta.annotation-api\1.3.5\jakarta.annotation-api-1.3.5.jar;C:\Users\55839\.m2\repository\org\yaml\snakeyaml\1.30\snakeyaml-1.30.jar;C:\Users\55839\.m2\repository\org\springframework\boot\spring-boot-starter-json\2.7.0\spring-boot-starter-json-2.7.0.jar;C:\Users\55839\.m2\repository\com\fasterxml\jackson\core\jackson-databind\2.13.3\jackson-databind-2.13.3.jar;C:\Users\55839\.m2\repository\com\fasterxml\jackson\core\jackson-annotations\2.13.3\jackson-annotations-2.13.3.jar;C:\Users\55839\.m2\repository\com\fasterxml\jackson\core\jackson-core\2.13.3\jackson-core-2.13.3.jar;C:\Users\55839\.m2\repository\com\fasterxml\jackson\datatype\jackson-datatype-jdk8\2.13.3\jackson-datatype-jdk8-2.13.3.jar;C:\Users\55839\.m2\repository\com\fasterxml\jackson\datatype\jackson-datatype-jsr310\2.13.3\jackson
Launcher Type: SUN_STANDARD

[Global flags]
     intx CICompilerCount                          = 4                                         {product} {ergonomic}
     uint ConcGCThreads                            = 2                                         {product} {ergonomic}
     uint G1ConcRefinementThreads                  = 8                                         {product} {ergonomic}
   size_t G1HeapRegionSize                         = 1048576                                   {product} {ergonomic}
    uintx GCDrainStackTargetSize                   = 64                                        {product} {ergonomic}
   size_t InitialHeapSize                          = 130023424                                 {product} {ergonomic}
   size_t MarkStackSize                            = 4194304                                   {product} {ergonomic}
   size_t MaxHeapSize                              = 2076180480                                {product} {ergonomic}
   size_t MaxNewSize                               = 1245708288                                {product} {ergonomic}
   size_t MinHeapDeltaBytes                        = 1048576                                   {product} {ergonomic}
    uintx NonNMethodCodeHeapSize                   = 5836300                                {pd product} {ergonomic}
    uintx NonProfiledCodeHeapSize                  = 122910970                              {pd product} {ergonomic}
    uintx ProfiledCodeHeapSize                     = 122910970                              {pd product} {ergonomic}
    uintx ReservedCodeCacheSize                    = 251658240                              {pd product} {ergonomic}
     bool SegmentedCodeCache                       = true                                      {product} {ergonomic}
     bool UseCompressedClassPointers               = true                                 {lp64_product} {ergonomic}
     bool UseCompressedOops                        = true                                 {lp64_product} {ergonomic}
     bool UseG1GC                                  = true                                      {product} {ergonomic}
     bool UseLargePagesIndividualAllocation        = false                                  {pd product} {ergonomic}

Logging:
Log output configuration:
 #0: stdout all=warning uptime,level,tags
 #1: stderr all=off uptime,level,tags

Environment Variables:
JAVA_HOME=C:\Program Files\Java\jdk-11.0.12
JRE_HOME=C:\Program Files\Java\jre1.8.0_311
CLASSPATH=C:\Program Files\Java\jdk-11.0.12\lib
PATH=C:\Program Files\Common Files\Oracle\Java\javapath;C:\app\dbhomeXE\bin;C:\Program Files\Java\jdk-11.0.12\bin;C:\Program Files\Java\jdk-11.0.12\bin;C:\Program Files (x86)\Common Files\Oracle\Java\javapath;C:\Windows\system32;C:\Windows;C:\Windows\System32\Wbem;C:\Windows\System32\WindowsPowerShell\v1.0\;C:\Windows\System32\OpenSSH\;C:\Program Files\NVIDIA Corporation\NVIDIA NvDLISR;C:\Program Files (x86)\NVIDIA Corporation\PhysX\Common;C:\WINDOWS\system32;C:\WINDOWS;C:\WINDOWS\System32\Wbem;C:\WINDOWS\System32\WindowsPowerShell\v1.0\;C:\WINDOWS\System32\OpenSSH\;C:\Program Files\Git\cmd;C:\apache-maven-3.8.4\bin;C:\Program Files\dotnet\;C:\Program Files\Docker\Docker\resources\bin;C:\Program Files\Java\jdk-11.0.12\bin;C:\Program Files\Java\jdk-11.0.12\lib;C:\Program Files\heroku\bin;C:\Users\55839\AppData\Local\GitHubDesktop\bin;;C:\Users\55839\AppData\Local\Microsoft\WindowsApps
USERNAME=Kleryton de Souza
OS=Windows_NT
PROCESSOR_IDENTIFIER=Intel64 Family 6 Model 140 Stepping 1, GenuineIntel



---------------  S Y S T E M  ---------------

OS: Windows 10 , 64 bit Build 22621 (10.0.22621.1105)
Hyper-V role detected

CPU:total 8 (initial active 8) (4 cores per cpu, 2 threads per core) family 6 model 140 stepping 1 microcode 0xa4, cmov, cx8, fxsr, mmx, sse, sse2, sse3, ssse3, sse4.1, sse4.2, popcnt, avx, avx2, aes, clmul, erms, 3dnowpref, lzcnt, ht, tsc, tscinvbit, bmi1, bmi2, adx, evex, sha, fma

Memory: 4k page, system-wide physical 7914M (304M free)
TotalPageFile size 32490M (AvailPageFile size 0M)
current process WorkingSet (physical memory assigned to process): 19M, peak: 240M
current process commit charge ("private bytes"): 306M, peak: 338M

vm_info: Java HotSpot(TM) 64-Bit Server VM (11.0.12+8-LTS-237) for windows-amd64 JRE (11.0.12+8-LTS-237), built on Jun  8 2021 11:25:59 by "mach5one" with MS VC++ 15.9 (VS2017)

END.
